[NX Daemon Server] - 2024-04-15T01:18:26.085Z - Started listening on: /var/folders/bb/cz0js7951jq0xqz2ff7sjw0w0000gp/T/0db454de69d1f8ef2fca/d.sock
[NX Daemon Server] - 2024-04-15T01:18:26.088Z - [WATCHER]: Subscribed to changes within: /Users/bmo.star/study/woolta (native)
[NX Daemon Server] - 2024-04-15T01:18:26.094Z - Established a connection. Number of open connections: 1
[NX Daemon Server] - 2024-04-15T01:18:26.095Z - Established a connection. Number of open connections: 2
[NX Daemon Server] - 2024-04-15T01:18:26.096Z - Closed a connection. Number of open connections: 1
[NX Daemon Server] - 2024-04-15T01:18:26.098Z - [REQUEST]: Client Request for Project Graph Received
[NX Daemon Server] - 2024-04-15T01:18:26.151Z - [REQUEST]: Updated workspace context based on watched changes, recomputing project graph...
[NX Daemon Server] - 2024-04-15T01:18:26.151Z - [REQUEST]: 
[NX Daemon Server] - 2024-04-15T01:18:26.151Z - [REQUEST]: 
[NX Daemon Server] - 2024-04-15T01:18:26.334Z - [REQUEST]: Responding to the client. project-graph
[NX Daemon Server] - 2024-04-15T01:18:26.337Z - Time taken for 'total for creating and serializing project graph' 236.6922909989953ms
[NX Daemon Server] - 2024-04-15T01:18:26.341Z - Done responding to the client project-graph
[NX Daemon Server] - 2024-04-15T01:18:26.341Z - Handled REQUEST_PROJECT_GRAPH. Handling time: 236. Response time: 7.
[NX Daemon Server] - 2024-04-15T01:18:26.393Z - [REQUEST]: Responding to the client. handleHashTasks
[NX Daemon Server] - 2024-04-15T01:18:26.393Z - Done responding to the client handleHashTasks
[NX Daemon Server] - 2024-04-15T01:18:26.393Z - Handled HASH_TASKS. Handling time: 12. Response time: 1.
[NX Daemon Server] - 2024-04-15T01:18:28.701Z - Established a connection. Number of open connections: 2
[NX Daemon Server] - 2024-04-15T01:18:28.701Z - Closed a connection. Number of open connections: 1
[NX Daemon Server] - 2024-04-15T01:18:28.701Z - Established a connection. Number of open connections: 2
[NX Daemon Server] - 2024-04-15T01:18:28.705Z - [REQUEST]: Client Request for Project Graph Received
[NX Daemon Server] - 2024-04-15T01:18:28.706Z - [REQUEST]: Responding to the client. project-graph
[NX Daemon Server] - 2024-04-15T01:18:28.708Z - Time taken for 'total for creating and serializing project graph' 0.26029200106859207ms
[NX Daemon Server] - 2024-04-15T01:18:28.710Z - Done responding to the client project-graph
[NX Daemon Server] - 2024-04-15T01:18:28.710Z - Handled REQUEST_PROJECT_GRAPH. Handling time: 1. Response time: 4.
[NX Daemon Server] - 2024-04-15T01:18:28.956Z - [REQUEST]: Client Request for Project Graph Received
[NX Daemon Server] - 2024-04-15T01:18:28.956Z - [REQUEST]: Responding to the client. project-graph
[NX Daemon Server] - 2024-04-15T01:18:28.958Z - Time taken for 'total for creating and serializing project graph' 0.12004199624061584ms
[NX Daemon Server] - 2024-04-15T01:18:28.959Z - Done responding to the client project-graph
[NX Daemon Server] - 2024-04-15T01:18:28.959Z - Handled REQUEST_PROJECT_GRAPH. Handling time: 0. Response time: 3.
[NX Daemon Server] - 2024-04-15T01:18:29.091Z - [WATCHER]: Processing file changes in outputs
[NX Daemon Server] - 2024-04-15T01:18:30.579Z - [WATCHER]: Processing file changes in outputs
[NX Daemon Server] - 2024-04-15T01:18:35.185Z - [WATCHER]: Processing file changes in outputs
[NX Daemon Server] - 2024-04-15T01:18:36.440Z - [WATCHER]: Processing file changes in outputs
[NX Daemon Server] - 2024-04-15T01:18:39.153Z - [WATCHER]: Processing file changes in outputs
[NX Daemon Server] - 2024-04-15T01:18:39.390Z - [WATCHER]: Processing file changes in outputs
[NX Daemon Server] - 2024-04-15T01:18:39.897Z - [WATCHER]: Processing file changes in outputs
[NX Daemon Server] - 2024-04-15T01:18:41.209Z - [WATCHER]: Processing file changes in outputs
[NX Daemon Server] - 2024-04-15T01:18:43.117Z - [WATCHER]: Processing file changes in outputs
[NX Daemon Server] - 2024-04-15T01:18:44.521Z - [WATCHER]: Processing file changes in outputs
[NX Daemon Server] - 2024-04-15T01:18:48.243Z - [WATCHER]: Processing file changes in outputs
[NX Daemon Server] - 2024-04-15T01:18:48.507Z - [WATCHER]: Processing file changes in outputs
[NX Daemon Server] - 2024-04-15T01:18:48.614Z - [WATCHER]: Processing file changes in outputs
[NX Daemon Server] - 2024-04-15T01:18:48.956Z - [WATCHER]: Processing file changes in outputs
[NX Daemon Server] - 2024-04-15T01:18:49.150Z - [WATCHER]: Processing file changes in outputs
[NX Daemon Server] - 2024-04-15T01:18:49.216Z - [WATCHER]: Processing file changes in outputs
[NX Daemon Server] - 2024-04-15T01:18:49.290Z - [WATCHER]: Processing file changes in outputs
[NX Daemon Server] - 2024-04-15T01:18:49.348Z - [WATCHER]: Processing file changes in outputs
[NX Daemon Server] - 2024-04-15T01:18:49.399Z - [WATCHER]: Processing file changes in outputs
[NX Daemon Server] - 2024-04-15T01:18:49.458Z - [WATCHER]: Processing file changes in outputs
[NX Daemon Server] - 2024-04-15T01:18:52.156Z - [WATCHER]: Processing file changes in outputs
[NX Daemon Server] - 2024-04-15T01:18:52.161Z - Closed a connection. Number of open connections: 1
[NX Daemon Server] - 2024-04-15T01:18:52.297Z - [WATCHER]: Processing file changes in outputs
[NX Daemon Server] - 2024-04-15T01:18:52.307Z - [REQUEST]: Responding to the client. recordOutputsHash
[NX Daemon Server] - 2024-04-15T01:18:52.307Z - Done responding to the client recordOutputsHash
[NX Daemon Server] - 2024-04-15T01:18:52.307Z - Handled RECORD_OUTPUTS_HASH. Handling time: 4. Response time: 0.
[NX Daemon Server] - 2024-04-15T01:18:52.351Z - [WATCHER]: Processing file changes in outputs
[NX Daemon Server] - 2024-04-15T01:18:52.423Z - [WATCHER]: Processing file changes in outputs
[NX Daemon Server] - 2024-04-15T01:18:52.499Z - [WATCHER]: Processing file changes in outputs
[NX Daemon Server] - 2024-04-15T01:18:52.524Z - Closed a connection. Number of open connections: 0
[NX Daemon Server] - 2024-04-15T01:18:52.554Z - [WATCHER]: Processing file changes in outputs
[NX Daemon Server] - 2024-04-15T04:18:52.371Z - [WATCHER]: Stopping the watcher for /Users/bmo.star/study/woolta (sources)
[NX Daemon Server] - 2024-04-15T04:18:52.375Z - [WATCHER]: Stopping the watcher for /Users/bmo.star/study/woolta (outputs)
[NX Daemon Server] - 2024-04-15T04:18:52.376Z - Server stopped because: "10800000ms of inactivity"
[NX Daemon Server] - 2024-04-15T06:02:47.019Z - Started listening on: /var/folders/bb/cz0js7951jq0xqz2ff7sjw0w0000gp/T/0db454de69d1f8ef2fca/d.sock
[NX Daemon Server] - 2024-04-15T06:02:47.022Z - [WATCHER]: Subscribed to changes within: /Users/bmo.star/study/woolta (native)
[NX Daemon Server] - 2024-04-15T06:02:47.023Z - Established a connection. Number of open connections: 1
[NX Daemon Server] - 2024-04-15T06:02:47.024Z - Established a connection. Number of open connections: 2
[NX Daemon Server] - 2024-04-15T06:02:47.025Z - Closed a connection. Number of open connections: 1
[NX Daemon Server] - 2024-04-15T06:02:47.025Z - [REQUEST]: Client Request for Project Graph Received
[NX Daemon Server] - 2024-04-15T06:02:47.047Z - [REQUEST]: Updated workspace context based on watched changes, recomputing project graph...
[NX Daemon Server] - 2024-04-15T06:02:47.047Z - [REQUEST]: 
[NX Daemon Server] - 2024-04-15T06:02:47.047Z - [REQUEST]: 
[NX Daemon Server] - 2024-04-15T06:02:47.344Z - [REQUEST]: Responding to the client. project-graph
[NX Daemon Server] - 2024-04-15T06:02:47.347Z - Time taken for 'total for creating and serializing project graph' 318.64341700077057ms
[NX Daemon Server] - 2024-04-15T06:02:47.349Z - Done responding to the client project-graph
[NX Daemon Server] - 2024-04-15T06:02:47.349Z - Handled REQUEST_PROJECT_GRAPH. Handling time: 319. Response time: 5.
[NX Daemon Server] - 2024-04-15T06:02:47.399Z - [REQUEST]: Responding to the client. handleHashTasks
[NX Daemon Server] - 2024-04-15T06:02:47.400Z - Done responding to the client handleHashTasks
[NX Daemon Server] - 2024-04-15T06:02:47.400Z - Handled HASH_TASKS. Handling time: 14. Response time: 1.
[NX Daemon Server] - 2024-04-15T06:02:49.491Z - Established a connection. Number of open connections: 2
[NX Daemon Server] - 2024-04-15T06:02:49.491Z - Closed a connection. Number of open connections: 1
[NX Daemon Server] - 2024-04-15T06:02:49.491Z - Established a connection. Number of open connections: 2
[NX Daemon Server] - 2024-04-15T06:02:49.493Z - [REQUEST]: Client Request for Project Graph Received
[NX Daemon Server] - 2024-04-15T06:02:49.493Z - [REQUEST]: Responding to the client. project-graph
[NX Daemon Server] - 2024-04-15T06:02:49.495Z - Time taken for 'total for creating and serializing project graph' 0.23020899295806885ms
[NX Daemon Server] - 2024-04-15T06:02:49.497Z - Done responding to the client project-graph
[NX Daemon Server] - 2024-04-15T06:02:49.497Z - Handled REQUEST_PROJECT_GRAPH. Handling time: 0. Response time: 4.
[NX Daemon Server] - 2024-04-15T06:02:49.754Z - [REQUEST]: Client Request for Project Graph Received
[NX Daemon Server] - 2024-04-15T06:02:49.754Z - [REQUEST]: Responding to the client. project-graph
[NX Daemon Server] - 2024-04-15T06:02:49.756Z - Time taken for 'total for creating and serializing project graph' 0.233707994222641ms
[NX Daemon Server] - 2024-04-15T06:02:49.757Z - Done responding to the client project-graph
[NX Daemon Server] - 2024-04-15T06:02:49.757Z - Handled REQUEST_PROJECT_GRAPH. Handling time: 0. Response time: 3.
[NX Daemon Server] - 2024-04-15T06:02:49.941Z - [WATCHER]: Processing file changes in outputs
[NX Daemon Server] - 2024-04-15T06:02:50.001Z - [WATCHER]: Processing file changes in outputs
[NX Daemon Server] - 2024-04-15T06:02:51.375Z - [WATCHER]: Processing file changes in outputs
[NX Daemon Server] - 2024-04-15T06:02:53.649Z - [WATCHER]: Processing file changes in outputs
[NX Daemon Server] - 2024-04-15T06:02:54.305Z - [WATCHER]: Processing file changes in outputs
[NX Daemon Server] - 2024-04-15T06:02:55.164Z - [WATCHER]: Processing file changes in outputs
[NX Daemon Server] - 2024-04-15T06:02:55.235Z - [WATCHER]: Processing file changes in outputs
[NX Daemon Server] - 2024-04-15T06:02:55.446Z - [WATCHER]: Processing file changes in outputs
[NX Daemon Server] - 2024-04-15T06:02:59.283Z - [WATCHER]: Processing file changes in outputs
[NX Daemon Server] - 2024-04-15T06:03:00.086Z - [WATCHER]: Processing file changes in outputs
[NX Daemon Server] - 2024-04-15T06:03:00.138Z - [WATCHER]: Processing file changes in outputs
[NX Daemon Server] - 2024-04-15T06:03:00.251Z - [WATCHER]: Processing file changes in outputs
[NX Daemon Server] - 2024-04-15T06:03:00.317Z - [WATCHER]: Processing file changes in outputs
[NX Daemon Server] - 2024-04-15T06:03:06.766Z - [WATCHER]: Processing file changes in outputs
[NX Daemon Server] - 2024-04-15T06:03:07.219Z - [WATCHER]: Processing file changes in outputs
[NX Daemon Server] - 2024-04-15T06:03:07.284Z - [WATCHER]: Processing file changes in outputs
[NX Daemon Server] - 2024-04-15T06:03:07.545Z - [WATCHER]: Processing file changes in outputs
[NX Daemon Server] - 2024-04-15T06:03:07.693Z - [WATCHER]: Processing file changes in outputs
[NX Daemon Server] - 2024-04-15T06:03:07.782Z - [WATCHER]: Processing file changes in outputs
[NX Daemon Server] - 2024-04-15T06:03:07.833Z - [WATCHER]: Processing file changes in outputs
[NX Daemon Server] - 2024-04-15T06:03:07.956Z - [WATCHER]: Processing file changes in outputs
[NX Daemon Server] - 2024-04-15T06:03:08.011Z - [WATCHER]: Processing file changes in outputs
[NX Daemon Server] - 2024-04-15T06:03:08.119Z - [WATCHER]: Processing file changes in outputs
[NX Daemon Server] - 2024-04-15T06:03:08.195Z - [WATCHER]: Processing file changes in outputs
[NX Daemon Server] - 2024-04-15T06:03:10.759Z - Closed a connection. Number of open connections: 1
[NX Daemon Server] - 2024-04-15T06:03:10.767Z - [WATCHER]: Processing file changes in outputs
[NX Daemon Server] - 2024-04-15T06:03:10.909Z - [WATCHER]: Processing file changes in outputs
[NX Daemon Server] - 2024-04-15T06:03:10.946Z - [REQUEST]: Responding to the client. recordOutputsHash
[NX Daemon Server] - 2024-04-15T06:03:10.946Z - Done responding to the client recordOutputsHash
[NX Daemon Server] - 2024-04-15T06:03:10.946Z - Handled RECORD_OUTPUTS_HASH. Handling time: 6. Response time: 0.
[NX Daemon Server] - 2024-04-15T06:03:10.981Z - [WATCHER]: Processing file changes in outputs
[NX Daemon Server] - 2024-04-15T06:03:11.084Z - [WATCHER]: Processing file changes in outputs
[NX Daemon Server] - 2024-04-15T06:03:11.162Z - [WATCHER]: Processing file changes in outputs
[NX Daemon Server] - 2024-04-15T06:03:11.213Z - [WATCHER]: Processing file changes in outputs
[NX Daemon Server] - 2024-04-15T06:03:11.306Z - [WATCHER]: Processing file changes in outputs
[NX Daemon Server] - 2024-04-15T06:03:11.401Z - [WATCHER]: Processing file changes in outputs
[NX Daemon Server] - 2024-04-15T06:03:11.462Z - [WATCHER]: Processing file changes in outputs
[NX Daemon Server] - 2024-04-15T06:03:11.482Z - Closed a connection. Number of open connections: 0
[NX Daemon Server] - 2024-04-15T09:03:11.084Z - [WATCHER]: Stopping the watcher for /Users/bmo.star/study/woolta (sources)
[NX Daemon Server] - 2024-04-15T09:03:11.085Z - [WATCHER]: Stopping the watcher for /Users/bmo.star/study/woolta (outputs)
[NX Daemon Server] - 2024-04-15T09:03:11.085Z - Server stopped because: "10800000ms of inactivity"
[NX Daemon Server] - 2024-04-15T13:03:26.432Z - Started listening on: /var/folders/bb/cz0js7951jq0xqz2ff7sjw0w0000gp/T/0db454de69d1f8ef2fca/d.sock
[NX Daemon Server] - 2024-04-15T13:03:26.435Z - [WATCHER]: Subscribed to changes within: /Users/bmo.star/study/woolta (native)
[NX Daemon Server] - 2024-04-15T13:03:26.439Z - Established a connection. Number of open connections: 1
[NX Daemon Server] - 2024-04-15T13:03:26.440Z - Established a connection. Number of open connections: 2
[NX Daemon Server] - 2024-04-15T13:03:26.440Z - Closed a connection. Number of open connections: 1
[NX Daemon Server] - 2024-04-15T13:03:26.443Z - [REQUEST]: Client Request for Project Graph Received
[NX Daemon Server] - 2024-04-15T13:03:26.454Z - [REQUEST]: Updated workspace context based on watched changes, recomputing project graph...
[NX Daemon Server] - 2024-04-15T13:03:26.454Z - [REQUEST]: 
[NX Daemon Server] - 2024-04-15T13:03:26.454Z - [REQUEST]: 
[NX Daemon Server] - 2024-04-15T13:03:26.782Z - [REQUEST]: Responding to the client. project-graph
[NX Daemon Server] - 2024-04-15T13:03:26.785Z - Time taken for 'total for creating and serializing project graph' 339.8457500040531ms
[NX Daemon Server] - 2024-04-15T13:03:26.787Z - Done responding to the client project-graph
[NX Daemon Server] - 2024-04-15T13:03:26.788Z - Handled REQUEST_PROJECT_GRAPH. Handling time: 340. Response time: 6.
[NX Daemon Server] - 2024-04-15T13:03:26.838Z - [REQUEST]: Responding to the client. handleHashTasks
[NX Daemon Server] - 2024-04-15T13:03:26.839Z - Done responding to the client handleHashTasks
[NX Daemon Server] - 2024-04-15T13:03:26.839Z - Handled HASH_TASKS. Handling time: 15. Response time: 1.
[NX Daemon Server] - 2024-04-15T13:03:28.220Z - Established a connection. Number of open connections: 2
[NX Daemon Server] - 2024-04-15T13:03:28.220Z - Closed a connection. Number of open connections: 1
[NX Daemon Server] - 2024-04-15T13:03:28.220Z - Established a connection. Number of open connections: 2
[NX Daemon Server] - 2024-04-15T13:03:28.225Z - [REQUEST]: Client Request for Project Graph Received
[NX Daemon Server] - 2024-04-15T13:03:28.225Z - [REQUEST]: Responding to the client. project-graph
[NX Daemon Server] - 2024-04-15T13:03:28.227Z - Time taken for 'total for creating and serializing project graph' 0.13087500631809235ms
[NX Daemon Server] - 2024-04-15T13:03:28.230Z - Done responding to the client project-graph
[NX Daemon Server] - 2024-04-15T13:03:28.230Z - Handled REQUEST_PROJECT_GRAPH. Handling time: 0. Response time: 5.
[NX Daemon Server] - 2024-04-15T13:03:29.423Z - Established a connection. Number of open connections: 3
[NX Daemon Server] - 2024-04-15T13:03:29.423Z - Closed a connection. Number of open connections: 2
[NX Daemon Server] - 2024-04-15T13:03:29.424Z - Established a connection. Number of open connections: 3
[NX Daemon Server] - 2024-04-15T13:03:29.428Z - [REQUEST]: Client Request for Project Graph Received
[NX Daemon Server] - 2024-04-15T13:03:29.428Z - [REQUEST]: Responding to the client. project-graph
[NX Daemon Server] - 2024-04-15T13:03:29.430Z - Time taken for 'total for creating and serializing project graph' 0.1308329999446869ms
[NX Daemon Server] - 2024-04-15T13:03:29.435Z - Done responding to the client project-graph
[NX Daemon Server] - 2024-04-15T13:03:29.436Z - Handled REQUEST_PROJECT_GRAPH. Handling time: 0. Response time: 8.
[NX Daemon Server] - 2024-04-15T13:03:29.651Z - [REQUEST]: Client Request for Project Graph Received
[NX Daemon Server] - 2024-04-15T13:03:29.651Z - [REQUEST]: Responding to the client. project-graph
[NX Daemon Server] - 2024-04-15T13:03:29.653Z - Time taken for 'total for creating and serializing project graph' 0.16087499260902405ms
[NX Daemon Server] - 2024-04-15T13:03:29.654Z - Done responding to the client project-graph
[NX Daemon Server] - 2024-04-15T13:03:29.655Z - Handled REQUEST_PROJECT_GRAPH. Handling time: 0. Response time: 4.
[NX Daemon Server] - 2024-04-15T13:03:30.142Z - [WATCHER]: apps/woolbank/tsconfig.json was modified
[NX Daemon Server] - 2024-04-15T13:03:30.143Z - [WATCHER]: Processing file changes in outputs
[NX Daemon Server] - 2024-04-15T13:03:30.249Z - [REQUEST]: Updated workspace context based on watched changes, recomputing project graph...
[NX Daemon Server] - 2024-04-15T13:03:30.249Z - [REQUEST]: apps/woolbank/tsconfig.json
[NX Daemon Server] - 2024-04-15T13:03:30.249Z - [REQUEST]: 
[NX Daemon Server] - 2024-04-15T13:03:30.464Z - Time taken for 'hash changed files from watcher' 5.373083010315895ms
[NX Daemon Server] - 2024-04-15T13:03:30.859Z - [WATCHER]: Processing file changes in outputs
[NX Daemon Server] - 2024-04-15T13:03:31.149Z - [WATCHER]: Processing file changes in outputs
[NX Daemon Server] - 2024-04-15T13:03:31.430Z - [WATCHER]: Processing file changes in outputs
[NX Daemon Server] - 2024-04-15T13:03:31.466Z - [REQUEST]: Client Request for Project Graph Received
[NX Daemon Server] - 2024-04-15T13:03:31.466Z - [REQUEST]: Responding to the client. project-graph
[NX Daemon Server] - 2024-04-15T13:03:31.469Z - Time taken for 'total for creating and serializing project graph' 0.1455419957637787ms
[NX Daemon Server] - 2024-04-15T13:03:31.513Z - [WATCHER]: Processing file changes in outputs
[NX Daemon Server] - 2024-04-15T13:03:31.536Z - Done responding to the client project-graph
[NX Daemon Server] - 2024-04-15T13:03:31.536Z - Handled REQUEST_PROJECT_GRAPH. Handling time: 0. Response time: 70.
[NX Daemon Server] - 2024-04-15T13:03:31.589Z - [WATCHER]: Processing file changes in outputs
[NX Daemon Server] - 2024-04-15T13:03:31.755Z - [WATCHER]: Processing file changes in outputs
[NX Daemon Server] - 2024-04-15T13:03:33.010Z - [WATCHER]: Processing file changes in outputs
[NX Daemon Server] - 2024-04-15T13:03:40.869Z - [WATCHER]: Processing file changes in outputs
[NX Daemon Server] - 2024-04-15T13:03:45.779Z - [WATCHER]: Processing file changes in outputs
[NX Daemon Server] - 2024-04-15T13:03:47.681Z - [WATCHER]: Processing file changes in outputs
[NX Daemon Server] - 2024-04-15T13:03:53.058Z - [WATCHER]: Processing file changes in outputs
[NX Daemon Server] - 2024-04-15T13:03:53.186Z - [WATCHER]: Processing file changes in outputs
[NX Daemon Server] - 2024-04-15T13:03:53.710Z - [WATCHER]: Processing file changes in outputs
[NX Daemon Server] - 2024-04-15T13:03:54.201Z - [WATCHER]: Processing file changes in outputs
[NX Daemon Server] - 2024-04-15T13:03:54.642Z - [WATCHER]: Processing file changes in outputs
[NX Daemon Server] - 2024-04-15T13:03:54.771Z - [WATCHER]: Processing file changes in outputs
[NX Daemon Server] - 2024-04-15T13:03:54.932Z - [WATCHER]: Processing file changes in outputs
[NX Daemon Server] - 2024-04-15T13:03:55.173Z - [WATCHER]: Processing file changes in outputs
[NX Daemon Server] - 2024-04-15T13:04:06.394Z - [WATCHER]: apps/woolbank/components/account-books/save/hooks/useAccountBookSaveRouterProps.ts was modified
[NX Daemon Server] - 2024-04-15T13:04:06.394Z - [WATCHER]: Processing file changes in outputs
[NX Daemon Server] - 2024-04-15T13:04:06.497Z - [REQUEST]: Updated workspace context based on watched changes, recomputing project graph...
[NX Daemon Server] - 2024-04-15T13:04:06.497Z - [REQUEST]: apps/woolbank/components/account-books/save/hooks/useAccountBookSaveRouterProps.ts
[NX Daemon Server] - 2024-04-15T13:04:06.497Z - [REQUEST]: 
[NX Daemon Server] - 2024-04-15T13:04:06.676Z - Time taken for 'hash changed files from watcher' 1.4951250106096268ms
[NX Daemon Server] - 2024-04-15T13:04:08.664Z - [WATCHER]: apps/woolbank/components/account-books/save/hooks/useAccountBookSaveRouterProps.ts was modified
[NX Daemon Server] - 2024-04-15T13:04:08.664Z - [WATCHER]: Processing file changes in outputs
[NX Daemon Server] - 2024-04-15T13:04:08.866Z - [REQUEST]: Updated workspace context based on watched changes, recomputing project graph...
[NX Daemon Server] - 2024-04-15T13:04:08.867Z - [REQUEST]: apps/woolbank/components/account-books/save/hooks/useAccountBookSaveRouterProps.ts
[NX Daemon Server] - 2024-04-15T13:04:08.867Z - [REQUEST]: 
[NX Daemon Server] - 2024-04-15T13:04:09.008Z - Time taken for 'hash changed files from watcher' 1.4440409988164902ms
[NX Daemon Server] - 2024-04-15T13:04:10.830Z - [WATCHER]: Processing file changes in outputs
[NX Daemon Server] - 2024-04-15T13:04:10.833Z - [WATCHER]: apps/woolbank/components/account-books/save/hooks/useAccountBookSaveRouterProps.ts was modified
[NX Daemon Server] - 2024-04-15T13:04:11.240Z - [REQUEST]: Updated workspace context based on watched changes, recomputing project graph...
[NX Daemon Server] - 2024-04-15T13:04:11.241Z - [REQUEST]: apps/woolbank/components/account-books/save/hooks/useAccountBookSaveRouterProps.ts
[NX Daemon Server] - 2024-04-15T13:04:11.241Z - [REQUEST]: 
[NX Daemon Server] - 2024-04-15T13:04:11.445Z - Time taken for 'hash changed files from watcher' 5.221499994397163ms
[NX Daemon Server] - 2024-04-15T13:04:30.851Z - [WATCHER]: apps/woolbank/components/account-books/main/index.tsx was modified
[NX Daemon Server] - 2024-04-15T13:04:30.852Z - [WATCHER]: Processing file changes in outputs
[NX Daemon Server] - 2024-04-15T13:04:31.050Z - [WATCHER]: Processing file changes in outputs
[NX Daemon Server] - 2024-04-15T13:04:31.651Z - [WATCHER]: Processing file changes in outputs
[NX Daemon Server] - 2024-04-15T13:04:31.654Z - [REQUEST]: Updated workspace context based on watched changes, recomputing project graph...
[NX Daemon Server] - 2024-04-15T13:04:31.655Z - [REQUEST]: apps/woolbank/components/account-books/main/index.tsx
[NX Daemon Server] - 2024-04-15T13:04:31.655Z - [REQUEST]: 
[NX Daemon Server] - 2024-04-15T13:04:32.461Z - Time taken for 'hash changed files from watcher' 0.9835829883813858ms
[NX Daemon Server] - 2024-04-15T13:04:35.341Z - [WATCHER]: apps/woolbank/components/account-books/main/index.tsx was modified
[NX Daemon Server] - 2024-04-15T13:04:35.341Z - [WATCHER]: Processing file changes in outputs
[NX Daemon Server] - 2024-04-15T13:04:35.473Z - [WATCHER]: Processing file changes in outputs
[NX Daemon Server] - 2024-04-15T13:04:35.643Z - [WATCHER]: Processing file changes in outputs
[NX Daemon Server] - 2024-04-15T13:04:36.943Z - [REQUEST]: Updated workspace context based on watched changes, recomputing project graph...
[NX Daemon Server] - 2024-04-15T13:04:36.943Z - [REQUEST]: apps/woolbank/components/account-books/main/index.tsx
[NX Daemon Server] - 2024-04-15T13:04:36.943Z - [REQUEST]: 
[NX Daemon Server] - 2024-04-15T13:04:37.256Z - Time taken for 'hash changed files from watcher' 0.48091699182987213ms
[NX Daemon Server] - 2024-04-15T13:04:38.364Z - [WATCHER]: Processing file changes in outputs
[NX Daemon Server] - 2024-04-15T13:04:38.373Z - [WATCHER]: apps/woolbank/components/account-books/main/index.tsx was modified
[NX Daemon Server] - 2024-04-15T13:04:38.449Z - [WATCHER]: Processing file changes in outputs
[NX Daemon Server] - 2024-04-15T13:04:38.545Z - [WATCHER]: Processing file changes in outputs
[NX Daemon Server] - 2024-04-15T13:04:41.574Z - [REQUEST]: Updated workspace context based on watched changes, recomputing project graph...
[NX Daemon Server] - 2024-04-15T13:04:41.574Z - [REQUEST]: apps/woolbank/components/account-books/main/index.tsx
[NX Daemon Server] - 2024-04-15T13:04:41.574Z - [REQUEST]: 
[NX Daemon Server] - 2024-04-15T13:04:41.783Z - Time taken for 'hash changed files from watcher' 0.4887090027332306ms
[NX Daemon Server] - 2024-04-15T13:04:43.245Z - [WATCHER]: apps/woolbank/components/account-books/main/index.tsx was modified
[NX Daemon Server] - 2024-04-15T13:04:43.245Z - [WATCHER]: Processing file changes in outputs
[NX Daemon Server] - 2024-04-15T13:04:43.331Z - [WATCHER]: Processing file changes in outputs
[NX Daemon Server] - 2024-04-15T13:04:43.431Z - [WATCHER]: Processing file changes in outputs
[NX Daemon Server] - 2024-04-15T13:04:46.297Z - [WATCHER]: apps/woolbank/components/account-books/main/index.tsx was modified
[NX Daemon Server] - 2024-04-15T13:04:46.297Z - [WATCHER]: Processing file changes in outputs
[NX Daemon Server] - 2024-04-15T13:04:46.395Z - [WATCHER]: Processing file changes in outputs
[NX Daemon Server] - 2024-04-15T13:04:46.468Z - [WATCHER]: Processing file changes in outputs
[NX Daemon Server] - 2024-04-15T13:04:46.573Z - [WATCHER]: Processing file changes in outputs
[NX Daemon Server] - 2024-04-15T13:04:46.669Z - [WATCHER]: Processing file changes in outputs
[NX Daemon Server] - 2024-04-15T13:04:46.751Z - [WATCHER]: Processing file changes in outputs
[NX Daemon Server] - 2024-04-15T13:04:49.647Z - [REQUEST]: Updated workspace context based on watched changes, recomputing project graph...
[NX Daemon Server] - 2024-04-15T13:04:49.647Z - [REQUEST]: apps/woolbank/components/account-books/main/index.tsx
[NX Daemon Server] - 2024-04-15T13:04:49.647Z - [REQUEST]: 
[NX Daemon Server] - 2024-04-15T13:04:49.794Z - Time taken for 'hash changed files from watcher' 0.7114590108394623ms
[NX Daemon Server] - 2024-04-15T13:04:54.620Z - [WATCHER]: apps/woolbank/components/account-books/main/index.tsx was modified
[NX Daemon Server] - 2024-04-15T13:04:54.621Z - [WATCHER]: Processing file changes in outputs
[NX Daemon Server] - 2024-04-15T13:04:54.751Z - [WATCHER]: Processing file changes in outputs
[NX Daemon Server] - 2024-04-15T13:04:54.868Z - [WATCHER]: Processing file changes in outputs
[NX Daemon Server] - 2024-04-15T13:05:00.092Z - Closed a connection. Number of open connections: 2
[NX Daemon Server] - 2024-04-15T13:05:00.108Z - Closed a connection. Number of open connections: 1
[NX Daemon Server] - 2024-04-15T13:05:00.120Z - Closed a connection. Number of open connections: 0
[NX Daemon Server] - 2024-04-15T13:05:00.180Z - [WATCHER]: Processing file changes in outputs
[NX Daemon Server] - 2024-04-15T13:05:01.023Z - [REQUEST]: Updated workspace context based on watched changes, recomputing project graph...
[NX Daemon Server] - 2024-04-15T13:05:01.023Z - [REQUEST]: apps/woolbank/components/account-books/main/index.tsx
[NX Daemon Server] - 2024-04-15T13:05:01.023Z - [REQUEST]: 
[NX Daemon Server] - 2024-04-15T13:05:01.161Z - Time taken for 'hash changed files from watcher' 0.7257080078125ms
[NX Daemon Server] - 2024-04-15T13:05:09.367Z - Established a connection. Number of open connections: 1
[NX Daemon Server] - 2024-04-15T13:05:09.367Z - Established a connection. Number of open connections: 2
[NX Daemon Server] - 2024-04-15T13:05:09.367Z - Closed a connection. Number of open connections: 1
[NX Daemon Server] - 2024-04-15T13:05:09.372Z - [REQUEST]: Client Request for Project Graph Received
[NX Daemon Server] - 2024-04-15T13:05:09.372Z - [REQUEST]: Responding to the client. project-graph
[NX Daemon Server] - 2024-04-15T13:05:09.374Z - Time taken for 'total for creating and serializing project graph' 0.1599999964237213ms
[NX Daemon Server] - 2024-04-15T13:05:09.377Z - Done responding to the client project-graph
[NX Daemon Server] - 2024-04-15T13:05:09.377Z - Handled REQUEST_PROJECT_GRAPH. Handling time: 0. Response time: 5.
[NX Daemon Server] - 2024-04-15T13:05:09.433Z - [REQUEST]: Responding to the client. handleHashTasks
[NX Daemon Server] - 2024-04-15T13:05:09.434Z - Done responding to the client handleHashTasks
[NX Daemon Server] - 2024-04-15T13:05:09.434Z - Handled HASH_TASKS. Handling time: 13. Response time: 1.
[NX Daemon Server] - 2024-04-15T13:05:11.532Z - Established a connection. Number of open connections: 2
[NX Daemon Server] - 2024-04-15T13:05:11.533Z - Closed a connection. Number of open connections: 1
[NX Daemon Server] - 2024-04-15T13:05:11.533Z - Established a connection. Number of open connections: 2
[NX Daemon Server] - 2024-04-15T13:05:11.535Z - [REQUEST]: Client Request for Project Graph Received
[NX Daemon Server] - 2024-04-15T13:05:11.535Z - [REQUEST]: Responding to the client. project-graph
[NX Daemon Server] - 2024-04-15T13:05:11.537Z - Time taken for 'total for creating and serializing project graph' 0.1613750010728836ms
[NX Daemon Server] - 2024-04-15T13:05:11.539Z - Done responding to the client project-graph
[NX Daemon Server] - 2024-04-15T13:05:11.539Z - Handled REQUEST_PROJECT_GRAPH. Handling time: 0. Response time: 4.
[NX Daemon Server] - 2024-04-15T13:05:11.802Z - [REQUEST]: Client Request for Project Graph Received
[NX Daemon Server] - 2024-04-15T13:05:11.802Z - [REQUEST]: Responding to the client. project-graph
[NX Daemon Server] - 2024-04-15T13:05:11.804Z - Time taken for 'total for creating and serializing project graph' 0.13166600465774536ms
[NX Daemon Server] - 2024-04-15T13:05:11.806Z - Done responding to the client project-graph
[NX Daemon Server] - 2024-04-15T13:05:11.806Z - Handled REQUEST_PROJECT_GRAPH. Handling time: 0. Response time: 4.
[NX Daemon Server] - 2024-04-15T13:05:11.985Z - [WATCHER]: Processing file changes in outputs
[NX Daemon Server] - 2024-04-15T13:05:12.039Z - [WATCHER]: Processing file changes in outputs
[NX Daemon Server] - 2024-04-15T13:05:12.094Z - [WATCHER]: Processing file changes in outputs
[NX Daemon Server] - 2024-04-15T13:05:13.375Z - [WATCHER]: Processing file changes in outputs
[NX Daemon Server] - 2024-04-15T13:05:18.137Z - [WATCHER]: Processing file changes in outputs
[NX Daemon Server] - 2024-04-15T13:05:18.303Z - [WATCHER]: Processing file changes in outputs
[NX Daemon Server] - 2024-04-15T13:05:18.864Z - [WATCHER]: Processing file changes in outputs
[NX Daemon Server] - 2024-04-15T13:05:18.994Z - [WATCHER]: Processing file changes in outputs
[NX Daemon Server] - 2024-04-15T13:05:19.327Z - [WATCHER]: Processing file changes in outputs
[NX Daemon Server] - 2024-04-15T13:05:21.662Z - [WATCHER]: Processing file changes in outputs
[NX Daemon Server] - 2024-04-15T13:05:21.964Z - [WATCHER]: Processing file changes in outputs
[NX Daemon Server] - 2024-04-15T13:05:22.171Z - [WATCHER]: Processing file changes in outputs
[NX Daemon Server] - 2024-04-15T13:05:22.365Z - [WATCHER]: Processing file changes in outputs
[NX Daemon Server] - 2024-04-15T13:05:25.624Z - [WATCHER]: Processing file changes in outputs
[NX Daemon Server] - 2024-04-15T13:05:26.093Z - [WATCHER]: Processing file changes in outputs
[NX Daemon Server] - 2024-04-15T13:05:26.145Z - [WATCHER]: Processing file changes in outputs
[NX Daemon Server] - 2024-04-15T13:05:26.506Z - [WATCHER]: Processing file changes in outputs
[NX Daemon Server] - 2024-04-15T13:05:26.571Z - [WATCHER]: Processing file changes in outputs
[NX Daemon Server] - 2024-04-15T13:05:26.632Z - [WATCHER]: Processing file changes in outputs
[NX Daemon Server] - 2024-04-15T13:05:26.690Z - [WATCHER]: Processing file changes in outputs
[NX Daemon Server] - 2024-04-15T13:05:26.766Z - [WATCHER]: Processing file changes in outputs
[NX Daemon Server] - 2024-04-15T13:05:26.867Z - [WATCHER]: Processing file changes in outputs
[NX Daemon Server] - 2024-04-15T13:05:26.952Z - [WATCHER]: Processing file changes in outputs
[NX Daemon Server] - 2024-04-15T13:05:27.021Z - [WATCHER]: Processing file changes in outputs
[NX Daemon Server] - 2024-04-15T13:05:27.114Z - [WATCHER]: Processing file changes in outputs
[NX Daemon Server] - 2024-04-15T13:05:27.182Z - [WATCHER]: Processing file changes in outputs
[NX Daemon Server] - 2024-04-15T13:05:27.237Z - [WATCHER]: Processing file changes in outputs
[NX Daemon Server] - 2024-04-15T13:05:29.965Z - [WATCHER]: Processing file changes in outputs
[NX Daemon Server] - 2024-04-15T13:05:29.980Z - Closed a connection. Number of open connections: 1
[NX Daemon Server] - 2024-04-15T13:05:30.017Z - [WATCHER]: Processing file changes in outputs
[NX Daemon Server] - 2024-04-15T13:05:30.111Z - [WATCHER]: Processing file changes in outputs
[NX Daemon Server] - 2024-04-15T13:05:30.175Z - [REQUEST]: Responding to the client. recordOutputsHash
[NX Daemon Server] - 2024-04-15T13:05:30.175Z - Done responding to the client recordOutputsHash
[NX Daemon Server] - 2024-04-15T13:05:30.176Z - Handled RECORD_OUTPUTS_HASH. Handling time: 13. Response time: 0.
[NX Daemon Server] - 2024-04-15T13:05:30.181Z - [WATCHER]: Processing file changes in outputs
[NX Daemon Server] - 2024-04-15T13:05:30.304Z - [WATCHER]: Processing file changes in outputs
[NX Daemon Server] - 2024-04-15T13:05:30.382Z - [WATCHER]: Processing file changes in outputs
[NX Daemon Server] - 2024-04-15T13:05:30.458Z - [WATCHER]: Processing file changes in outputs
[NX Daemon Server] - 2024-04-15T13:05:30.540Z - [WATCHER]: Processing file changes in outputs
[NX Daemon Server] - 2024-04-15T13:05:30.602Z - [WATCHER]: Processing file changes in outputs
[NX Daemon Server] - 2024-04-15T13:05:30.615Z - Closed a connection. Number of open connections: 0
[NX Daemon Server] - 2024-04-16T00:47:06.578Z - [WATCHER]: Processing file changes in outputs
[NX Daemon Server] - 2024-04-16T00:47:06.585Z - [WATCHER]: Stopping the watcher for /Users/bmo.star/study/woolta (sources)
[NX Daemon Server] - 2024-04-16T00:47:06.585Z - [WATCHER]: Stopping the watcher for /Users/bmo.star/study/woolta (outputs)
[NX Daemon Server] - 2024-04-16T00:47:06.585Z - Server stopped because: "10800000ms of inactivity"
[NX Daemon Server] - 2024-05-27T00:58:08.532Z - Started listening on: /var/folders/bb/cz0js7951jq0xqz2ff7sjw0w0000gp/T/0db454de69d1f8ef2fca/d.sock
[NX Daemon Server] - 2024-05-27T00:58:08.535Z - [WATCHER]: Subscribed to changes within: /Users/bmo.star/study/woolta (native)
[NX Daemon Server] - 2024-05-27T00:58:08.544Z - Established a connection. Number of open connections: 1
[NX Daemon Server] - 2024-05-27T00:58:08.544Z - Established a connection. Number of open connections: 2
[NX Daemon Server] - 2024-05-27T00:58:08.545Z - Closed a connection. Number of open connections: 1
[NX Daemon Server] - 2024-05-27T00:58:08.547Z - [REQUEST]: Client Request for Project Graph Received
[NX Daemon Server] - 2024-05-27T00:58:08.560Z - [REQUEST]: Updated workspace context based on watched changes, recomputing project graph...
[NX Daemon Server] - 2024-05-27T00:58:08.560Z - [REQUEST]: 
[NX Daemon Server] - 2024-05-27T00:58:08.560Z - [REQUEST]: 
[NX Daemon Server] - 2024-05-27T00:58:09.815Z - [REQUEST]: Responding to the client. project-graph
[NX Daemon Server] - 2024-05-27T00:58:09.816Z - Time taken for 'total for creating and serializing project graph' 1267.7086250782013ms
[NX Daemon Server] - 2024-05-27T00:58:09.819Z - Done responding to the client project-graph
[NX Daemon Server] - 2024-05-27T00:58:09.819Z - Handled REQUEST_PROJECT_GRAPH. Handling time: 1267. Response time: 5.
[NX Daemon Server] - 2024-05-27T00:58:09.826Z - [REQUEST]: Client Request for Project Graph Received
[NX Daemon Server] - 2024-05-27T00:58:09.826Z - [REQUEST]: Responding to the client. project-graph
[NX Daemon Server] - 2024-05-27T00:58:09.828Z - Time taken for 'total for creating and serializing project graph' 0.12749993801116943ms
[NX Daemon Server] - 2024-05-27T00:58:09.831Z - Done responding to the client project-graph
[NX Daemon Server] - 2024-05-27T00:58:09.831Z - Handled REQUEST_PROJECT_GRAPH. Handling time: 0. Response time: 5.
[NX Daemon Server] - 2024-05-27T00:58:09.835Z - Established a connection. Number of open connections: 2
